<?xml version="1.0" encoding="UTF-8"?>
<!-- Generated by org.testng.reporters.JUnitXMLReporter -->
<testsuite hostname="MyComputer" ignored="0" name="Test" tests="3" failures="0" timestamp="2019-12-04T22:37:09 EST" time="44.754" errors="0">
  <testcase name="VerifyAddPayee" time="2.755" classname="testcases.Testcase_AddPayee"/>
  <testcase name="login" time="0.944" classname="testcases.Testcase_Login"/>
  <testcase name="VerifyAddPayee" time="5.957" classname="testcases.Testcase_TransferFund"/>
</testsuite> <!-- Test -->
