<?xml version="1.0" encoding="UTF-8"?>
<testng-results ignored="0" total="2" passed="2" failed="0" skipped="0">
  <reporter-output>
  </reporter-output>
  <suite started-at="2019-11-25T21:44:50Z" name="Command line suite" finished-at="2019-11-25T21:45:19Z" duration-ms="28666">
    <groups>
    </groups>
    <test started-at="2019-11-25T21:44:50Z" name="Command line test" finished-at="2019-11-25T21:45:19Z" duration-ms="28666">
      <class name="testcases.Testcase_AddPayee">
        <test-method is-config="true" signature="setup()[pri:0, instance:testcases.Testcase_AddPayee@4d50efb8]" started-at="2019-11-25T21:44:50Z" name="setup" finished-at="2019-11-25T21:45:03Z" duration-ms="12581" status="PASS">
          <reporter-output>
          </reporter-output>
        </test-method> <!-- setup -->
        <test-method signature="VerifyAddPayee()[pri:0, instance:testcases.Testcase_AddPayee@4d50efb8]" started-at="2019-11-25T21:45:03Z" name="VerifyAddPayee" finished-at="2019-11-25T21:45:05Z" duration-ms="2452" status="PASS">
          <reporter-output>
          </reporter-output>
        </test-method> <!-- VerifyAddPayee -->
        <test-method is-config="true" signature="tearDown()[pri:0, instance:testcases.Testcase_AddPayee@4d50efb8]" started-at="2019-11-25T21:45:05Z" name="tearDown" finished-at="2019-11-25T21:45:06Z" duration-ms="1082" status="PASS">
          <reporter-output>
          </reporter-output>
        </test-method> <!-- tearDown -->
      </class> <!-- testcases.Testcase_AddPayee -->
      <class name="testcases.Testcase_Login">
        <test-method is-config="true" signature="setup()[pri:0, instance:testcases.Testcase_Login@7e2d773b]" started-at="2019-11-25T21:45:06Z" name="setup" finished-at="2019-11-25T21:45:17Z" duration-ms="10554" status="PASS">
          <reporter-output>
          </reporter-output>
        </test-method> <!-- setup -->
        <test-method signature="login()[pri:0, instance:testcases.Testcase_Login@7e2d773b]" started-at="2019-11-25T21:45:17Z" name="login" finished-at="2019-11-25T21:45:18Z" duration-ms="1274" status="PASS">
          <reporter-output>
          </reporter-output>
        </test-method> <!-- login -->
        <test-method is-config="true" signature="tearDown()[pri:0, instance:testcases.Testcase_Login@7e2d773b]" started-at="2019-11-25T21:45:18Z" name="tearDown" finished-at="2019-11-25T21:45:19Z" duration-ms="636" status="PASS">
          <reporter-output>
          </reporter-output>
        </test-method> <!-- tearDown -->
      </class> <!-- testcases.Testcase_Login -->
    </test> <!-- Command line test -->
  </suite> <!-- Command line suite -->
</testng-results>
