<?xml version="1.0" encoding="UTF-8"?>
<testng-results skipped="0" failed="0" ignored="0" total="3" passed="3">
  <reporter-output>
  </reporter-output>
  <suite name="Suite" duration-ms="44754" started-at="2019-12-04T22:36:24 EST" finished-at="2019-12-04T22:37:09 EST">
    <groups>
    </groups>
    <test name="Test" duration-ms="44754" started-at="2019-12-04T22:36:24 EST" finished-at="2019-12-04T22:37:09 EST">
      <class name="testcases.Testcase_AddPayee">
        <test-method status="PASS" signature="setup()[pri:0, instance:testcases.Testcase_AddPayee@1c3a4799]" name="setup" is-config="true" duration-ms="12586" started-at="2019-12-04T22:36:24 EST" finished-at="2019-12-04T22:36:37 EST">
          <reporter-output>
          </reporter-output>
        </test-method> <!-- setup -->
        <test-method status="PASS" signature="VerifyAddPayee()[pri:0, instance:testcases.Testcase_AddPayee@1c3a4799]" name="VerifyAddPayee" duration-ms="2755" started-at="2019-12-04T22:36:37 EST" finished-at="2019-12-04T22:36:40 EST">
          <reporter-output>
          </reporter-output>
        </test-method> <!-- VerifyAddPayee -->
        <test-method status="PASS" signature="tearDown()[pri:0, instance:testcases.Testcase_AddPayee@1c3a4799]" name="tearDown" is-config="true" duration-ms="715" started-at="2019-12-04T22:36:40 EST" finished-at="2019-12-04T22:36:40 EST">
          <reporter-output>
          </reporter-output>
        </test-method> <!-- tearDown -->
      </class> <!-- testcases.Testcase_AddPayee -->
      <class name="testcases.Testcase_Login">
        <test-method status="PASS" signature="setup()[pri:0, instance:testcases.Testcase_Login@131276c2]" name="setup" is-config="true" duration-ms="10290" started-at="2019-12-04T22:36:40 EST" finished-at="2019-12-04T22:36:51 EST">
          <reporter-output>
          </reporter-output>
        </test-method> <!-- setup -->
        <test-method status="PASS" signature="login()[pri:0, instance:testcases.Testcase_Login@131276c2]" name="login" duration-ms="944" started-at="2019-12-04T22:36:51 EST" finished-at="2019-12-04T22:36:52 EST">
          <reporter-output>
          </reporter-output>
        </test-method> <!-- login -->
        <test-method status="PASS" signature="tearDown()[pri:0, instance:testcases.Testcase_Login@131276c2]" name="tearDown" is-config="true" duration-ms="696" started-at="2019-12-04T22:36:52 EST" finished-at="2019-12-04T22:36:52 EST">
          <reporter-output>
          </reporter-output>
        </test-method> <!-- tearDown -->
      </class> <!-- testcases.Testcase_Login -->
      <class name="testcases.Testcase_TransferFund">
        <test-method status="PASS" signature="setup()[pri:0, instance:testcases.Testcase_TransferFund@26aa12dd]" name="setup" is-config="true" duration-ms="10072" started-at="2019-12-04T22:36:52 EST" finished-at="2019-12-04T22:37:02 EST">
          <reporter-output>
          </reporter-output>
        </test-method> <!-- setup -->
        <test-method status="PASS" signature="VerifyAddPayee()[pri:0, instance:testcases.Testcase_TransferFund@26aa12dd]" name="VerifyAddPayee" duration-ms="5957" started-at="2019-12-04T22:37:02 EST" finished-at="2019-12-04T22:37:08 EST">
          <reporter-output>
          </reporter-output>
        </test-method> <!-- VerifyAddPayee -->
        <test-method status="PASS" signature="teardown()[pri:0, instance:testcases.Testcase_TransferFund@26aa12dd]" name="teardown" is-config="true" duration-ms="677" started-at="2019-12-04T22:37:08 EST" finished-at="2019-12-04T22:37:09 EST">
          <reporter-output>
          </reporter-output>
        </test-method> <!-- teardown -->
      </class> <!-- testcases.Testcase_TransferFund -->
    </test> <!-- Test -->
  </suite> <!-- Suite -->
</testng-results>
